Analysis & Synthesis report for semaforo
Thu Dec 13 14:48:20 2018
Quartus II 32-bit Version 13.0.1 Build 232 06/12/2013 Service Pack 1 SJ Full Version


---------------------
; Table of Contents ;
---------------------
  1. Legal Notice
  2. Analysis & Synthesis Summary
  3. Analysis & Synthesis Settings
  4. Parallel Compilation
  5. Analysis & Synthesis Source Files Read
  6. Analysis & Synthesis Resource Usage Summary
  7. Analysis & Synthesis Resource Utilization by Entity
  8. State Machine - |maquinaDeEstado|pr_state
  9. User-Specified and Inferred Latches
 10. General Register Statistics
 11. Source assignments for Top-level Entity: |maquinaDeEstado
 12. Parameter Settings for User Entity Instance: Top-level Entity: |maquinaDeEstado
 13. Elapsed Time Per Partition
 14. Analysis & Synthesis Messages



----------------
; Legal Notice ;
----------------
Copyright (C) 1991-2013 Altera Corporation
Your use of Altera Corporation's design tools, logic functions 
and other software and tools, and its AMPP partner logic 
functions, and any output files from any of the foregoing 
(including device programming or simulation files), and any 
associated documentation or information are expressly subject 
to the terms and conditions of the Altera Program License 
Subscription Agreement, Altera MegaCore Function License 
Agreement, or other applicable license agreement, including, 
without limitation, that your use is for the sole purpose of 
programming logic devices manufactured by Altera and sold by 
Altera or its authorized distributors.  Please refer to the 
applicable agreement for further details.



+---------------------------------------------------------------------------------------+
; Analysis & Synthesis Summary                                                          ;
+------------------------------------+--------------------------------------------------+
; Analysis & Synthesis Status        ; Successful - Thu Dec 13 14:48:19 2018            ;
; Quartus II 32-bit Version          ; 13.0.1 Build 232 06/12/2013 SP 1 SJ Full Version ;
; Revision Name                      ; semaforo                                         ;
; Top-level Entity Name              ; maquinaDeEstado                                  ;
; Family                             ; Cyclone IV E                                     ;
; Total logic elements               ; 32                                               ;
;     Total combinational functions  ; 32                                               ;
;     Dedicated logic registers      ; 12                                               ;
; Total registers                    ; 12                                               ;
; Total pins                         ; 16                                               ;
; Total virtual pins                 ; 0                                                ;
; Total memory bits                  ; 0                                                ;
; Embedded Multiplier 9-bit elements ; 0                                                ;
; Total PLLs                         ; 0                                                ;
+------------------------------------+--------------------------------------------------+


+----------------------------------------------------------------------------------------------------------------------+
; Analysis & Synthesis Settings                                                                                        ;
+----------------------------------------------------------------------------+--------------------+--------------------+
; Option                                                                     ; Setting            ; Default Value      ;
+----------------------------------------------------------------------------+--------------------+--------------------+
; Device                                                                     ; EP4CE115F29C7      ;                    ;
; Top-level entity name                                                      ; maquinaDeEstado    ; semaforo           ;
; Family name                                                                ; Cyclone IV E       ; Cyclone IV GX      ;
; Use smart compilation                                                      ; Off                ; Off                ;
; Enable parallel Assembler and TimeQuest Timing Analyzer during compilation ; On                 ; On                 ;
; Enable compact report table                                                ; Off                ; Off                ;
; Restructure Multiplexers                                                   ; Auto               ; Auto               ;
; Create Debugging Nodes for IP Cores                                        ; Off                ; Off                ;
; Preserve fewer node names                                                  ; On                 ; On                 ;
; Disable OpenCore Plus hardware evaluation                                  ; Off                ; Off                ;
; Verilog Version                                                            ; Verilog_2001       ; Verilog_2001       ;
; VHDL Version                                                               ; VHDL_1993          ; VHDL_1993          ;
; State Machine Processing                                                   ; Auto               ; Auto               ;
; Safe State Machine                                                         ; Off                ; Off                ;
; Extract Verilog State Machines                                             ; On                 ; On                 ;
; Extract VHDL State Machines                                                ; On                 ; On                 ;
; Ignore Verilog initial constructs                                          ; Off                ; Off                ;
; Iteration limit for constant Verilog loops                                 ; 5000               ; 5000               ;
; Iteration limit for non-constant Verilog loops                             ; 250                ; 250                ;
; Add Pass-Through Logic to Inferred RAMs                                    ; On                 ; On                 ;
; Infer RAMs from Raw Logic                                                  ; On                 ; On                 ;
; Parallel Synthesis                                                         ; On                 ; On                 ;
; DSP Block Balancing                                                        ; Auto               ; Auto               ;
; NOT Gate Push-Back                                                         ; On                 ; On                 ;
; Power-Up Don't Care                                                        ; On                 ; On                 ;
; Remove Redundant Logic Cells                                               ; Off                ; Off                ;
; Remove Duplicate Registers                                                 ; On                 ; On                 ;
; Ignore CARRY Buffers                                                       ; Off                ; Off                ;
; Ignore CASCADE Buffers                                                     ; Off                ; Off                ;
; Ignore GLOBAL Buffers                                                      ; Off                ; Off                ;
; Ignore ROW GLOBAL Buffers                                                  ; Off                ; Off                ;
; Ignore LCELL Buffers                                                       ; Off                ; Off                ;
; Ignore SOFT Buffers                                                        ; On                 ; On                 ;
; Limit AHDL Integers to 32 Bits                                             ; Off                ; Off                ;
; Optimization Technique                                                     ; Balanced           ; Balanced           ;
; Carry Chain Length                                                         ; 70                 ; 70                 ;
; Auto Carry Chains                                                          ; On                 ; On                 ;
; Auto Open-Drain Pins                                                       ; On                 ; On                 ;
; Perform WYSIWYG Primitive Resynthesis                                      ; Off                ; Off                ;
; Auto ROM Replacement                                                       ; On                 ; On                 ;
; Auto RAM Replacement                                                       ; On                 ; On                 ;
; Auto DSP Block Replacement                                                 ; On                 ; On                 ;
; Auto Shift Register Replacement                                            ; Auto               ; Auto               ;
; Allow Shift Register Merging across Hierarchies                            ; Auto               ; Auto               ;
; Auto Clock Enable Replacement                                              ; On                 ; On                 ;
; Strict RAM Replacement                                                     ; Off                ; Off                ;
; Allow Synchronous Control Signals                                          ; On                 ; On                 ;
; Force Use of Synchronous Clear Signals                                     ; Off                ; Off                ;
; Auto RAM Block Balancing                                                   ; On                 ; On                 ;
; Auto RAM to Logic Cell Conversion                                          ; Off                ; Off                ;
; Auto Resource Sharing                                                      ; Off                ; Off                ;
; Allow Any RAM Size For Recognition                                         ; Off                ; Off                ;
; Allow Any ROM Size For Recognition                                         ; Off                ; Off                ;
; Allow Any Shift Register Size For Recognition                              ; Off                ; Off                ;
; Use LogicLock Constraints during Resource Balancing                        ; On                 ; On                 ;
; Ignore translate_off and synthesis_off directives                          ; Off                ; Off                ;
; Timing-Driven Synthesis                                                    ; On                 ; On                 ;
; Report Parameter Settings                                                  ; On                 ; On                 ;
; Report Source Assignments                                                  ; On                 ; On                 ;
; Report Connectivity Checks                                                 ; On                 ; On                 ;
; Ignore Maximum Fan-Out Assignments                                         ; Off                ; Off                ;
; Synchronization Register Chain Length                                      ; 2                  ; 2                  ;
; PowerPlay Power Optimization                                               ; Normal compilation ; Normal compilation ;
; HDL message level                                                          ; Level2             ; Level2             ;
; Suppress Register Optimization Related Messages                            ; Off                ; Off                ;
; Number of Removed Registers Reported in Synthesis Report                   ; 5000               ; 5000               ;
; Number of Swept Nodes Reported in Synthesis Report                         ; 5000               ; 5000               ;
; Number of Inverted Registers Reported in Synthesis Report                  ; 100                ; 100                ;
; Clock MUX Protection                                                       ; On                 ; On                 ;
; Auto Gated Clock Conversion                                                ; Off                ; Off                ;
; Block Design Naming                                                        ; Auto               ; Auto               ;
; SDC constraint protection                                                  ; Off                ; Off                ;
; Synthesis Effort                                                           ; Auto               ; Auto               ;
; Shift Register Replacement - Allow Asynchronous Clear Signal               ; On                 ; On                 ;
; Pre-Mapping Resynthesis Optimization                                       ; Off                ; Off                ;
; Analysis & Synthesis Message Level                                         ; Medium             ; Medium             ;
; Disable Register Merging Across Hierarchies                                ; Auto               ; Auto               ;
; Resource Aware Inference For Block RAM                                     ; On                 ; On                 ;
; Synthesis Seed                                                             ; 1                  ; 1                  ;
+----------------------------------------------------------------------------+--------------------+--------------------+


+------------------------------------------+
; Parallel Compilation                     ;
+----------------------------+-------------+
; Processors                 ; Number      ;
+----------------------------+-------------+
; Number detected on machine ; 40          ;
; Maximum allowed            ; 16          ;
;                            ;             ;
; Average used               ; 1.00        ;
; Maximum used               ; 2           ;
;                            ;             ;
; Usage by Processor         ; % Time Used ;
;     Processor 1            ; 100.0%      ;
;     Processor 2            ; < 0.1%      ;
;     Processors 3-40        ;   0.0%      ;
+----------------------------+-------------+


+------------------------------------------------------------------------------------------------------------------------------------------+
; Analysis & Synthesis Source Files Read                                                                                                   ;
+----------------------------------+-----------------+-----------------+---------------------------------------------------------+---------+
; File Name with User-Entered Path ; Used in Netlist ; File Type       ; File Name with Absolute Path                            ; Library ;
+----------------------------------+-----------------+-----------------+---------------------------------------------------------+---------+
; maquinaDeEstado.vhd              ; yes             ; User VHDL File  ; /home/allex.m/182/dlp/projeto-final/maquinaDeEstado.vhd ;         ;
+----------------------------------+-----------------+-----------------+---------------------------------------------------------+---------+


+---------------------------------------------------------+
; Analysis & Synthesis Resource Usage Summary             ;
+---------------------------------------------+-----------+
; Resource                                    ; Usage     ;
+---------------------------------------------+-----------+
; Estimated Total logic elements              ; 32        ;
;                                             ;           ;
; Total combinational functions               ; 32        ;
; Logic element usage by number of LUT inputs ;           ;
;     -- 4 input functions                    ; 10        ;
;     -- 3 input functions                    ; 18        ;
;     -- <=2 input functions                  ; 4         ;
;                                             ;           ;
; Logic elements by mode                      ;           ;
;     -- normal mode                          ; 32        ;
;     -- arithmetic mode                      ; 0         ;
;                                             ;           ;
; Total registers                             ; 12        ;
;     -- Dedicated logic registers            ; 12        ;
;     -- I/O registers                        ; 0         ;
;                                             ;           ;
; I/O pins                                    ; 16        ;
; Embedded Multiplier 9-bit elements          ; 0         ;
; Maximum fan-out node                        ; clk~input ;
; Maximum fan-out                             ; 12        ;
; Total fan-out                               ; 164       ;
; Average fan-out                             ; 2.16      ;
+---------------------------------------------+-----------+


+-----------------------------------------------------------------------------------------------------------------------------------------------------------------------------+
; Analysis & Synthesis Resource Utilization by Entity                                                                                                                         ;
+----------------------------+-------------------+--------------+-------------+--------------+---------+-----------+------+--------------+---------------------+--------------+
; Compilation Hierarchy Node ; LC Combinationals ; LC Registers ; Memory Bits ; DSP Elements ; DSP 9x9 ; DSP 18x18 ; Pins ; Virtual Pins ; Full Hierarchy Name ; Library Name ;
+----------------------------+-------------------+--------------+-------------+--------------+---------+-----------+------+--------------+---------------------+--------------+
; |maquinaDeEstado           ; 32 (32)           ; 12 (12)      ; 0           ; 0            ; 0       ; 0         ; 16   ; 0            ; |maquinaDeEstado    ; work         ;
+----------------------------+-------------------+--------------+-------------+--------------+---------+-----------+------+--------------+---------------------+--------------+
Note: For table entries with two numbers listed, the numbers in parentheses indicate the number of resources of the given type used by the specific entity alone. The numbers listed outside of parentheses indicate the total resources of the given type used by the specific entity and all of its sub-entities in the hierarchy.


Encoding Type:  One-Hot
+----------------------------------------------------------------------------------------------------------------------------------------------+
; State Machine - |maquinaDeEstado|pr_state                                                                                                    ;
+----------------+----------------+----------------+----------------+--------------+--------------+--------------+--------------+--------------+
; Name           ; pr_state.wait3 ; pr_state.wait2 ; pr_state.wait1 ; pr_state.st4 ; pr_state.st3 ; pr_state.st2 ; pr_state.st1 ; pr_state.st0 ;
+----------------+----------------+----------------+----------------+--------------+--------------+--------------+--------------+--------------+
; pr_state.st0   ; 0              ; 0              ; 0              ; 0            ; 0            ; 0            ; 0            ; 0            ;
; pr_state.st1   ; 0              ; 0              ; 0              ; 0            ; 0            ; 0            ; 1            ; 1            ;
; pr_state.st2   ; 0              ; 0              ; 0              ; 0            ; 0            ; 1            ; 0            ; 1            ;
; pr_state.st3   ; 0              ; 0              ; 0              ; 0            ; 1            ; 0            ; 0            ; 1            ;
; pr_state.st4   ; 0              ; 0              ; 0              ; 1            ; 0            ; 0            ; 0            ; 1            ;
; pr_state.wait1 ; 0              ; 0              ; 1              ; 0            ; 0            ; 0            ; 0            ; 1            ;
; pr_state.wait2 ; 0              ; 1              ; 0              ; 0            ; 0            ; 0            ; 0            ; 1            ;
; pr_state.wait3 ; 1              ; 0              ; 0              ; 0            ; 0            ; 0            ; 0            ; 1            ;
+----------------+----------------+----------------+----------------+--------------+--------------+--------------+--------------+--------------+


+---------------------------------------------------------------------------------------------------+
; User-Specified and Inferred Latches                                                               ;
+----------------------------------------------------+---------------------+------------------------+
; Latch Name                                         ; Latch Enable Signal ; Free of Timing Hazards ;
+----------------------------------------------------+---------------------+------------------------+
; nx_state.st3_342                                   ; Selector17          ; yes                    ;
; timer[3]                                           ; WideOr8             ; yes                    ;
; nx_state.st1_370                                   ; Selector17          ; yes                    ;
; nx_state.st4_328                                   ; Selector17          ; yes                    ;
; nx_state.st2_356                                   ; Selector17          ; yes                    ;
; nx_state.wait3_286                                 ; Selector17          ; yes                    ;
; nx_state.wait1_314                                 ; Selector17          ; yes                    ;
; nx_state.wait2_300                                 ; Selector17          ; yes                    ;
; nx_state.st0_384                                   ; Selector17          ; yes                    ;
; Number of user-specified and inferred latches = 9  ;                     ;                        ;
+----------------------------------------------------+---------------------+------------------------+
Note: All latches listed above may not be present at the end of synthesis due to various synthesis optimizations.


+------------------------------------------------------+
; General Register Statistics                          ;
+----------------------------------------------+-------+
; Statistic                                    ; Value ;
+----------------------------------------------+-------+
; Total registers                              ; 12    ;
; Number of registers using Synchronous Clear  ; 0     ;
; Number of registers using Synchronous Load   ; 0     ;
; Number of registers using Asynchronous Clear ; 12    ;
; Number of registers using Asynchronous Load  ; 0     ;
; Number of registers using Clock Enable       ; 8     ;
; Number of registers using Preset             ; 0     ;
+----------------------------------------------+-------+


+-----------------------------------------------------------+
; Source assignments for Top-level Entity: |maquinaDeEstado ;
+--------------------------+---------+------+---------------+
; Assignment               ; Value   ; From ; To            ;
+--------------------------+---------+------+---------------+
; STATE_MACHINE_PROCESSING ; ONE_HOT ; -    ; pr_state      ;
+--------------------------+---------+------+---------------+


+---------------------------------------------------------------------------------+
; Parameter Settings for User Entity Instance: Top-level Entity: |maquinaDeEstado ;
+----------------+-------+--------------------------------------------------------+
; Parameter Name ; Value ; Type                                                   ;
+----------------+-------+--------------------------------------------------------+
; TC             ; 10    ; Signed Integer                                         ;
+----------------+-------+--------------------------------------------------------+
Note: In order to hide this table in the UI and the text report file, please set the "Show Parameter Settings in Synthesis Report" option in "Analysis and Synthesis Settings -> More Settings" to "Off".


+-------------------------------+
; Elapsed Time Per Partition    ;
+----------------+--------------+
; Partition Name ; Elapsed Time ;
+----------------+--------------+
; Top            ; 00:00:00     ;
+----------------+--------------+


+-------------------------------+
; Analysis & Synthesis Messages ;
+-------------------------------+
Info: *******************************************************************
Info: Running Quartus II 32-bit Analysis & Synthesis
    Info: Version 13.0.1 Build 232 06/12/2013 Service Pack 1 SJ Full Version
    Info: Processing started: Thu Dec 13 14:48:16 2018
Info: Command: quartus_map --read_settings_files=on --write_settings_files=off semaforo -c semaforo
Info (11104): Parallel Compilation has detected 40 hyper-threaded processors. However, the extra hyper-threaded processors will not be used by default. Parallel Compilation will use 16 of the 20 physical processors detected instead.
Info (12021): Found 2 design units, including 1 entities, in source file sensor.vhd
    Info (12022): Found design unit 1: sensor-arc
    Info (12023): Found entity 1: sensor
Info (12021): Found 2 design units, including 1 entities, in source file semaforo.vhd
    Info (12022): Found design unit 1: semaforo-ifsc
    Info (12023): Found entity 1: semaforo
Info (12021): Found 2 design units, including 1 entities, in source file maquinaDeEstado.vhd
    Info (12022): Found design unit 1: maquinaDeEstado-fsm
    Info (12023): Found entity 1: maquinaDeEstado
Info (12021): Found 2 design units, including 1 entities, in source file contador.vhd
    Info (12022): Found design unit 1: contador-arch1
    Info (12023): Found entity 1: contador
Info (12021): Found 2 design units, including 1 entities, in source file div_clk.vhd
    Info (12022): Found design unit 1: div_clk-arch1
    Info (12023): Found entity 1: div_clk
Info (12021): Found 2 design units, including 1 entities, in source file bin2ssd.vhd
    Info (12022): Found design unit 1: bin2ssd-arch1
    Info (12023): Found entity 1: bin2ssd
Info (12021): Found 2 design units, including 1 entities, in source file display.vhd
    Info (12022): Found design unit 1: display-ifsc
    Info (12023): Found entity 1: display
Info (12127): Elaborating entity "maquinaDeEstado" for the top level hierarchy
Warning (10492): VHDL Process Statement warning at maquinaDeEstado.vhd(28): signal "flag" is read inside the Process Statement but isn't in the Process Statement's sensitivity list
Warning (10631): VHDL Process Statement warning at maquinaDeEstado.vhd(46): inferring latch(es) for signal or variable "nx_state", which holds its previous value in one or more paths through the process
Warning (10631): VHDL Process Statement warning at maquinaDeEstado.vhd(46): inferring latch(es) for signal or variable "timer", which holds its previous value in one or more paths through the process
Warning (10631): VHDL Process Statement warning at maquinaDeEstado.vhd(46): inferring latch(es) for signal or variable "flag", which holds its previous value in one or more paths through the process
Warning (10631): VHDL Process Statement warning at maquinaDeEstado.vhd(46): inferring latch(es) for signal or variable "flag_vm", which holds its previous value in one or more paths through the process
Warning (10631): VHDL Process Statement warning at maquinaDeEstado.vhd(46): inferring latch(es) for signal or variable "rst_dip_vm", which holds its previous value in one or more paths through the process
Warning (10631): VHDL Process Statement warning at maquinaDeEstado.vhd(46): inferring latch(es) for signal or variable "flag_vd", which holds its previous value in one or more paths through the process
Warning (10631): VHDL Process Statement warning at maquinaDeEstado.vhd(46): inferring latch(es) for signal or variable "rst_dip_vd", which holds its previous value in one or more paths through the process
Info (10041): Inferred latch for "rst_dip_vd" at maquinaDeEstado.vhd(46)
Info (10041): Inferred latch for "flag_vd" at maquinaDeEstado.vhd(46)
Info (10041): Inferred latch for "rst_dip_vm" at maquinaDeEstado.vhd(46)
Info (10041): Inferred latch for "flag_vm" at maquinaDeEstado.vhd(46)
Info (10041): Inferred latch for "flag" at maquinaDeEstado.vhd(46)
Info (10041): Inferred latch for "timer[0]" at maquinaDeEstado.vhd(46)
Info (10041): Inferred latch for "timer[1]" at maquinaDeEstado.vhd(46)
Info (10041): Inferred latch for "timer[2]" at maquinaDeEstado.vhd(46)
Info (10041): Inferred latch for "timer[3]" at maquinaDeEstado.vhd(46)
Info (10041): Inferred latch for "nx_state.wait3" at maquinaDeEstado.vhd(46)
Info (10041): Inferred latch for "nx_state.wait2" at maquinaDeEstado.vhd(46)
Info (10041): Inferred latch for "nx_state.wait1" at maquinaDeEstado.vhd(46)
Info (10041): Inferred latch for "nx_state.st4" at maquinaDeEstado.vhd(46)
Info (10041): Inferred latch for "nx_state.st3" at maquinaDeEstado.vhd(46)
Info (10041): Inferred latch for "nx_state.st2" at maquinaDeEstado.vhd(46)
Info (10041): Inferred latch for "nx_state.st1" at maquinaDeEstado.vhd(46)
Info (10041): Inferred latch for "nx_state.st0" at maquinaDeEstado.vhd(46)
Warning (13012): Latch nx_state.st3_342 has unsafe behavior
    Warning (13013): Ports D and ENA on the latch are fed by the same signal contador
Warning (13012): Latch timer[3] has unsafe behavior
    Warning (13013): Ports D and ENA on the latch are fed by the same signal pr_state.st2
Warning (13012): Latch nx_state.st1_370 has unsafe behavior
    Warning (13013): Ports D and ENA on the latch are fed by the same signal contador
Warning (13012): Latch nx_state.st4_328 has unsafe behavior
    Warning (13013): Ports D and ENA on the latch are fed by the same signal contador
Warning (13012): Latch nx_state.st2_356 has unsafe behavior
    Warning (13013): Ports D and ENA on the latch are fed by the same signal s1
Warning (13012): Latch nx_state.wait3_286 has unsafe behavior
    Warning (13013): Ports D and ENA on the latch are fed by the same signal contador
Warning (13012): Latch nx_state.wait1_314 has unsafe behavior
    Warning (13013): Ports D and ENA on the latch are fed by the same signal btn1
Warning (13012): Latch nx_state.wait2_300 has unsafe behavior
    Warning (13013): Ports D and ENA on the latch are fed by the same signal contador
Warning (13012): Latch nx_state.st0_384 has unsafe behavior
    Warning (13013): Ports D and ENA on the latch are fed by the same signal btn1
Warning (13024): Output pins are stuck at VCC or GND
    Warning (13410): Pin "flag_vm" is stuck at VCC
    Warning (13410): Pin "flag_vd" is stuck at VCC
    Warning (13410): Pin "rst_dip_vd" is stuck at GND
    Warning (13410): Pin "rst_dip_vm" is stuck at GND
    Warning (13410): Pin "CVD" is stuck at VCC
    Warning (13410): Pin "PVM" is stuck at VCC
Info (286030): Timing-Driven Synthesis is running
Info (16010): Generating hard_block partition "hard_block:auto_generated_inst"
    Info (16011): Adding 0 node(s), including 0 DDIO, 0 PLL, 0 transceiver and 0 LCELL
Info (21057): Implemented 55 device resources after synthesis - the final resource count might be different
    Info (21058): Implemented 7 input pins
    Info (21059): Implemented 9 output pins
    Info (21061): Implemented 39 logic cells
Info: Quartus II 32-bit Analysis & Synthesis was successful. 0 errors, 33 warnings
    Info: Peak virtual memory: 422 megabytes
    Info: Processing ended: Thu Dec 13 14:48:20 2018
    Info: Elapsed time: 00:00:04
    Info: Total CPU time (on all processors): 00:00:02


